Determining if the system is big endian passed with the following output:
Change Dir: /Users/antoine/Code/fluidXtra/src/fluidsynth-1.1.5/build_mac/CMakeFiles/CMakeTmp

Run Build Command:/Applications/CMake\ 2.8-7.app/Contents/bin/cmakexbuild -project CMAKE_TRY_COMPILE.xcodeproj build -target cmTryCompileExec -configuration Debug
=== BUILDING NATIVE TARGET cmTryCompileExec OF PROJECT CMAKE_TRY_COMPILE WITH CONFIGURATION Debug ===

Checking Dependencies...

CompileC CMAKE_TRY_COMPILE.build/Debug/cmTryCompileExec.build/Objects-normal/i386/TestEndianess.o /Users/antoine/Code/fluidXtra/src/fluidsynth-1.1.5/build_mac/CMakeFiles/CMakeTmp/TestEndianess.c normal i386 c com.apple.compilers.gcc.4_0
    cd /Users/antoine/Code/fluidXtra/src/fluidsynth-1.1.5/build_mac/CMakeFiles/CMakeTmp
    /Developer/usr/bin/gcc-4.0 -x c -arch i386 -fmessage-length=0 -pipe -Wno-trigraphs -fpascal-strings -fasm-blocks -O0 -mdynamic-no-pic -DCMAKE_INTDIR="Debug" -isysroot /Developer/SDKs/MacOSX10.5.sdk -mmacosx-version-min=10.5 -gdwarf-2 -Wmost -Wno-four-char-constants -Wno-unknown-pragmas -F/Users/antoine/Code/fluidXtra/src/fluidsynth-1.1.5/build_mac/CMakeFiles/CMakeTmp/Debug -I/Users/antoine/Code/fluidXtra/src/fluidsynth-1.1.5/build_mac/CMakeFiles/CMakeTmp/Debug/include -I/Users/antoine/Code/fluidXtra/src/fluidsynth-1.1.5/build_mac/CMakeFiles/CMakeTmp/CMAKE_TRY_COMPILE.build/Debug/cmTryCompileExec.build/DerivedSources/i386 -I/Users/antoine/Code/fluidXtra/src/fluidsynth-1.1.5/build_mac/CMakeFiles/CMakeTmp/CMAKE_TRY_COMPILE.build/Debug/cmTryCompileExec.build/DerivedSources -c /Users/antoine/Code/fluidXtra/src/fluidsynth-1.1.5/build_mac/CMakeFiles/CMakeTmp/TestEndianess.c -o /Users/antoine/Code/fluidXtra/src/fluidsynth-1.1.5/build_mac/CMakeFiles/CMakeTmp/CMAKE_TRY_COMPILE.build/Debug/cmTryCompileExec.build/Objects-normal/i386/TestEndianess.o

Ld /Users/antoine/Code/fluidXtra/src/fluidsynth-1.1.5/build_mac/CMakeFiles/CMakeTmp/Debug/cmTryCompileExec normal i386
    cd /Users/antoine/Code/fluidXtra/src/fluidsynth-1.1.5/build_mac/CMakeFiles/CMakeTmp
    /Developer/usr/bin/gcc-4.0 -arch i386 -isysroot /Developer/SDKs/MacOSX10.5.sdk -L/Users/antoine/Code/fluidXtra/src/fluidsynth-1.1.5/build_mac/CMakeFiles/CMakeTmp/Debug -F/Users/antoine/Code/fluidXtra/src/fluidsynth-1.1.5/build_mac/CMakeFiles/CMakeTmp/Debug -filelist /Users/antoine/Code/fluidXtra/src/fluidsynth-1.1.5/build_mac/CMakeFiles/CMakeTmp/CMAKE_TRY_COMPILE.build/Debug/cmTryCompileExec.build/Objects-normal/i386/cmTryCompileExec.LinkFileList -mmacosx-version-min=10.5 -Wl,-search_paths_first -Wl,-headerpad_max_install_names -o /Users/antoine/Code/fluidXtra/src/fluidsynth-1.1.5/build_mac/CMakeFiles/CMakeTmp/Debug/cmTryCompileExec

PhaseScriptExecution /Users/antoine/Code/fluidXtra/src/fluidsynth-1.1.5/build_mac/CMakeFiles/CMakeTmp/CMAKE_TRY_COMPILE.build/Debug/cmTryCompileExec.build/Script-C1FFD7A2B96E4D5C9BAC30F9.sh
    cd /Users/antoine/Code/fluidXtra/src/fluidsynth-1.1.5/build_mac/CMakeFiles/CMakeTmp
    /bin/sh -c /Users/antoine/Code/fluidXtra/src/fluidsynth-1.1.5/build_mac/CMakeFiles/CMakeTmp/CMAKE_TRY_COMPILE.build/Debug/cmTryCompileExec.build/Script-C1FFD7A2B96E4D5C9BAC30F9.sh
echo "Depend check for xcode"
Depend check for xcode
cd /Users/antoine/Code/fluidXtra/src/fluidsynth-1.1.5/build_mac/CMakeFiles/CMakeTmp && make -C /Users/antoine/Code/fluidXtra/src/fluidsynth-1.1.5/build_mac/CMakeFiles/CMakeTmp -f /Users/antoine/Code/fluidXtra/src/fluidsynth-1.1.5/build_mac/CMakeFiles/CMakeTmp/CMakeScripts/XCODE_DEPEND_HELPER.make PostBuild.cmTryCompileExec.Debug
make[1]: Nothing to be done for `PostBuild.cmTryCompileExec.Debug'.
** BUILD SUCCEEDED **

TestEndianess.c:
/* A 16 bit integer is required. */
typedef unsigned short cmakeint16;

/* On a little endian machine, these 16bit ints will give "THIS IS LITTLE ENDIAN."
   On a big endian machine the characters will be exchanged pairwise. */
const cmakeint16 info_little[] =  {0x4854, 0x5349, 0x4920, 0x2053, 0x494c, 0x5454, 0x454c, 0x4520, 0x444e, 0x4149, 0x2e4e, 0x0000};

/* on a big endian machine, these 16bit ints will give "THIS IS BIG ENDIAN."
   On a little endian machine the characters will be exchanged pairwise. */
const cmakeint16 info_big[] =     {0x5448, 0x4953, 0x2049, 0x5320, 0x4249, 0x4720, 0x454e, 0x4449, 0x414e, 0x2e2e, 0x0000};

#ifdef __CLASSIC_C__
int main(argc, argv) int argc; char *argv[];
#else
int main(int argc, char *argv[])
#endif
{
  int require = 0;
  require += info_little[argc];
  require += info_big[argc];
  (void)argv;
  return require;
}


