The system is: Darwin - 12.4.0 - i386
Compiling the C compiler identification source file "CMakeCCompilerId.c" succeeded.
Compiler:  
Build flags: 
Id flags: 

The output was:
0
=== BUILD NATIVE TARGET CompilerIdC OF PROJECT CompilerIdC WITH THE DEFAULT CONFIGURATION (Debug) ===
Check dependencies

CompileC ./CompilerIdC.build/Debug/CompilerIdC.build/Objects-normal/i386/CMakeCCompilerId.o CMakeCCompilerId.c normal i386 c com.apple.compilers.llvm.clang.1_0.compiler
    cd /Users/antoine/Documents/Code/fluidXtra/src/fluidsynth-1.1.5/build_mac/CMakeFiles/2.8.11.2/CompilerIdC
    setenv LANG en_US.US-ASCII
    /Applications/Xcode.app/Contents/Developer/Toolchains/XcodeDefault.xctoolchain/usr/bin/clang -x c -arch i386 -fmessage-length=0 -Wno-trigraphs -fpascal-strings -Os -Wno-missing-field-initializers -Wno-missing-prototypes -Wno-return-type -Wformat -Wno-missing-braces -Wparentheses -Wswitch -Wno-unused-function -Wno-unused-label -Wno-unused-parameter -Wno-unused-variable -Wunused-value -Wno-empty-body -Wno-uninitialized -Wno-unknown-pragmas -Wno-shadow -Wno-four-char-constants -Wno-conversion -Wno-constant-conversion -Wno-int-conversion -Wno-enum-conversion -Wno-shorten-64-to-32 -Wpointer-sign -Wno-newline-eof -fasm-blocks -fstrict-aliasing -Wdeprecated-declarations -g -fvisibility=hidden -Wno-sign-conversion -I/Users/antoine/Documents/Code/fluidXtra/src/fluidsynth-1.1.5/build_mac/CMakeFiles/2.8.11.2/CompilerIdC/./CompilerIdC.build/Debug/CompilerIdC.build/CompilerIdC.hmap -I/Users/antoine/Documents/Code/fluidXtra/src/fluidsynth-1.1.5/build_mac/CMakeFiles/2.8.11.2/CompilerIdC/include -I/Applications/Xcode.app/Contents/Developer/Toolchains/XcodeDefault.xctoolchain/usr/include -I/Applications/Xcode.app/Contents/Developer/Toolchains/XcodeDefault.xctoolchain/usr/include -I/Applications/Xcode.app/Contents/Developer/Toolchains/XcodeDefault.xctoolchain/usr/include -I/Users/antoine/Documents/Code/fluidXtra/src/fluidsynth-1.1.5/build_mac/CMakeFiles/2.8.11.2/CompilerIdC/./CompilerIdC.build/Debug/CompilerIdC.build/DerivedSources/i386 -I/Users/antoine/Documents/Code/fluidXtra/src/fluidsynth-1.1.5/build_mac/CMakeFiles/2.8.11.2/CompilerIdC/./CompilerIdC.build/Debug/CompilerIdC.build/DerivedSources -F/Users/antoine/Documents/Code/fluidXtra/src/fluidsynth-1.1.5/build_mac/CMakeFiles/2.8.11.2/CompilerIdC -MMD -MT dependencies -MF /Users/antoine/Documents/Code/fluidXtra/src/fluidsynth-1.1.5/build_mac/CMakeFiles/2.8.11.2/CompilerIdC/./CompilerIdC.build/Debug/CompilerIdC.build/Objects-normal/i386/CMakeCCompilerId.d --serialize-diagnostics /Users/antoine/Documents/Code/fluidXtra/src/fluidsynth-1.1.5/build_mac/CMakeFiles/2.8.11.2/CompilerIdC/./CompilerIdC.build/Debug/CompilerIdC.build/Objects-normal/i386/CMakeCCompilerId.dia -c /Users/antoine/Documents/Code/fluidXtra/src/fluidsynth-1.1.5/build_mac/CMakeFiles/2.8.11.2/CompilerIdC/CMakeCCompilerId.c -o /Users/antoine/Documents/Code/fluidXtra/src/fluidsynth-1.1.5/build_mac/CMakeFiles/2.8.11.2/CompilerIdC/./CompilerIdC.build/Debug/CompilerIdC.build/Objects-normal/i386/CMakeCCompilerId.o

Ld ./CompilerIdC normal i386
    cd /Users/antoine/Documents/Code/fluidXtra/src/fluidsynth-1.1.5/build_mac/CMakeFiles/2.8.11.2/CompilerIdC
    /Applications/Xcode.app/Contents/Developer/Toolchains/XcodeDefault.xctoolchain/usr/bin/clang -arch i386 -L/Users/antoine/Documents/Code/fluidXtra/src/fluidsynth-1.1.5/build_mac/CMakeFiles/2.8.11.2/CompilerIdC -F/Users/antoine/Documents/Code/fluidXtra/src/fluidsynth-1.1.5/build_mac/CMakeFiles/2.8.11.2/CompilerIdC -filelist /Users/antoine/Documents/Code/fluidXtra/src/fluidsynth-1.1.5/build_mac/CMakeFiles/2.8.11.2/CompilerIdC/./CompilerIdC.build/Debug/CompilerIdC.build/Objects-normal/i386/CompilerIdC.LinkFileList -o /Users/antoine/Documents/Code/fluidXtra/src/fluidsynth-1.1.5/build_mac/CMakeFiles/2.8.11.2/CompilerIdC/./CompilerIdC

PhaseScriptExecution "Run Script" ./CompilerIdC.build/Debug/CompilerIdC.build/Script-2C8FEB8E15DC1A1A00E56A5D.sh
    cd /Users/antoine/Documents/Code/fluidXtra/src/fluidsynth-1.1.5/build_mac/CMakeFiles/2.8.11.2/CompilerIdC
    /bin/sh -c /Users/antoine/Documents/Code/fluidXtra/src/fluidsynth-1.1.5/build_mac/CMakeFiles/2.8.11.2/CompilerIdC/./CompilerIdC.build/Debug/CompilerIdC.build/Script-2C8FEB8E15DC1A1A00E56A5D.sh
GCC_VERSION=com.apple.compilers.llvm.clang.1_0


** BUILD SUCCEEDED **



Compilation of the C compiler identification source "CMakeCCompilerId.c" produced "CompilerIdC"

The C compiler identification is Clang, found in "/Users/antoine/Documents/Code/fluidXtra/src/fluidsynth-1.1.5/build_mac/CMakeFiles/2.8.11.2/CompilerIdC/CompilerIdC"

Determining if the C compiler works passed with the following output:
Change Dir: /Users/antoine/Documents/Code/fluidXtra/src/fluidsynth-1.1.5/build_mac/CMakeFiles/CMakeTmp

Run Build Command:/Applications/CMake\ 2.8-11.app/Contents/bin/cmakexbuild -project CMAKE_TRY_COMPILE.xcodeproj build -target cmTryCompileExec2201377638 -configuration Debug
=== BUILD NATIVE TARGET cmTryCompileExec2201377638 OF PROJECT CMAKE_TRY_COMPILE WITH CONFIGURATION Debug ===
Check dependencies

CompileC CMAKE_TRY_COMPILE.build/Debug/cmTryCompileExec2201377638.build/Objects-normal/x86_64/testCCompiler.o testCCompiler.c normal x86_64 c com.apple.compilers.llvm.clang.1_0.compiler
    cd /Users/antoine/Documents/Code/fluidXtra/src/fluidsynth-1.1.5/build_mac/CMakeFiles/CMakeTmp
    /Applications/Xcode.app/Contents/Developer/Toolchains/XcodeDefault.xctoolchain/usr/bin/clang -x c -arch x86_64 -fmessage-length=0 -Wno-trigraphs -fpascal-strings -O0 -Wno-missing-field-initializers -Wno-missing-prototypes -Wno-return-type -Wformat -Wno-missing-braces -Wparentheses -Wswitch -Wno-unused-function -Wno-unused-label -Wno-unused-parameter -Wno-unused-variable -Wunused-value -Wno-empty-body -Wno-uninitialized -Wno-unknown-pragmas -Wno-shadow -Wno-four-char-constants -Wno-conversion -Wno-constant-conversion -Wno-int-conversion -Wno-enum-conversion -Wno-shorten-64-to-32 -Wpointer-sign -Wno-newline-eof "-DCMAKE_INTDIR=\"Debug\"" -isysroot /Applications/Xcode.app/Contents/Developer/Platforms/MacOSX.platform/Developer/SDKs/MacOSX10.8.sdk -fasm-blocks -fstrict-aliasing -Wdeprecated-declarations -mmacosx-version-min=10.8 -g -Wno-sign-conversion -I/Users/antoine/Documents/Code/fluidXtra/src/fluidsynth-1.1.5/build_mac/CMakeFiles/CMakeTmp/Debug/include -I/Applications/Xcode.app/Contents/Developer/Toolchains/XcodeDefault.xctoolchain/usr/include -I/Applications/Xcode.app/Contents/Developer/Toolchains/XcodeDefault.xctoolchain/usr/include -I/Applications/Xcode.app/Contents/Developer/Toolchains/XcodeDefault.xctoolchain/usr/include -I/Users/antoine/Documents/Code/fluidXtra/src/fluidsynth-1.1.5/build_mac/CMakeFiles/CMakeTmp/CMAKE_TRY_COMPILE.build/Debug/cmTryCompileExec2201377638.build/DerivedSources/x86_64 -I/Users/antoine/Documents/Code/fluidXtra/src/fluidsynth-1.1.5/build_mac/CMakeFiles/CMakeTmp/CMAKE_TRY_COMPILE.build/Debug/cmTryCompileExec2201377638.build/DerivedSources -Wmost -Wno-four-char-constants -Wno-unknown-pragmas -F/Users/antoine/Documents/Code/fluidXtra/src/fluidsynth-1.1.5/build_mac/CMakeFiles/CMakeTmp/Debug -MMD -MT dependencies -MF /Users/antoine/Documents/Code/fluidXtra/src/fluidsynth-1.1.5/build_mac/CMakeFiles/CMakeTmp/CMAKE_TRY_COMPILE.build/Debug/cmTryCompileExec2201377638.build/Objects-normal/x86_64/testCCompiler.d --serialize-diagnostics /Users/antoine/Documents/Code/fluidXtra/src/fluidsynth-1.1.5/build_mac/CMakeFiles/CMakeTmp/CMAKE_TRY_COMPILE.build/Debug/cmTryCompileExec2201377638.build/Objects-normal/x86_64/testCCompiler.dia -c /Users/antoine/Documents/Code/fluidXtra/src/fluidsynth-1.1.5/build_mac/CMakeFiles/CMakeTmp/testCCompiler.c -o /Users/antoine/Documents/Code/fluidXtra/src/fluidsynth-1.1.5/build_mac/CMakeFiles/CMakeTmp/CMAKE_TRY_COMPILE.build/Debug/cmTryCompileExec2201377638.build/Objects-normal/x86_64/testCCompiler.o

Ld Debug/cmTryCompileExec2201377638 normal x86_64
    cd /Users/antoine/Documents/Code/fluidXtra/src/fluidsynth-1.1.5/build_mac/CMakeFiles/CMakeTmp
    /Applications/Xcode.app/Contents/Developer/Toolchains/XcodeDefault.xctoolchain/usr/bin/clang -arch x86_64 -isysroot /Applications/Xcode.app/Contents/Developer/Platforms/MacOSX.platform/Developer/SDKs/MacOSX10.8.sdk -L/Users/antoine/Documents/Code/fluidXtra/src/fluidsynth-1.1.5/build_mac/CMakeFiles/CMakeTmp/Debug -F/Users/antoine/Documents/Code/fluidXtra/src/fluidsynth-1.1.5/build_mac/CMakeFiles/CMakeTmp/Debug -filelist /Users/antoine/Documents/Code/fluidXtra/src/fluidsynth-1.1.5/build_mac/CMakeFiles/CMakeTmp/CMAKE_TRY_COMPILE.build/Debug/cmTryCompileExec2201377638.build/Objects-normal/x86_64/cmTryCompileExec2201377638.LinkFileList -mmacosx-version-min=10.8 -Wl,-search_paths_first -Wl,-headerpad_max_install_names -o /Users/antoine/Documents/Code/fluidXtra/src/fluidsynth-1.1.5/build_mac/CMakeFiles/CMakeTmp/Debug/cmTryCompileExec2201377638

PhaseScriptExecution "CMake PostBuild Rules" CMAKE_TRY_COMPILE.build/Debug/cmTryCompileExec2201377638.build/Script-2ECDA5F08AAC47AF8F999557.sh
    cd /Users/antoine/Documents/Code/fluidXtra/src/fluidsynth-1.1.5/build_mac/CMakeFiles/CMakeTmp
    /bin/sh -c /Users/antoine/Documents/Code/fluidXtra/src/fluidsynth-1.1.5/build_mac/CMakeFiles/CMakeTmp/CMAKE_TRY_COMPILE.build/Debug/cmTryCompileExec2201377638.build/Script-2ECDA5F08AAC47AF8F999557.sh
echo "Depend check for xcode"
Depend check for xcode
cd /Users/antoine/Documents/Code/fluidXtra/src/fluidsynth-1.1.5/build_mac/CMakeFiles/CMakeTmp && make -C /Users/antoine/Documents/Code/fluidXtra/src/fluidsynth-1.1.5/build_mac/CMakeFiles/CMakeTmp -f /Users/antoine/Documents/Code/fluidXtra/src/fluidsynth-1.1.5/build_mac/CMakeFiles/CMakeTmp/CMakeScripts/XCODE_DEPEND_HELPER.make PostBuild.cmTryCompileExec2201377638.Debug
make[1]: Nothing to be done for `PostBuild.cmTryCompileExec2201377638.Debug'.


** BUILD SUCCEEDED **



Detecting C compiler ABI info compiled with the following output:
Change Dir: /Users/antoine/Documents/Code/fluidXtra/src/fluidsynth-1.1.5/build_mac/CMakeFiles/CMakeTmp

Run Build Command:/Applications/CMake\ 2.8-11.app/Contents/bin/cmakexbuild -project CMAKE_TRY_COMPILE.xcodeproj build -target cmTryCompileExec3058809048 -configuration Debug
=== BUILD NATIVE TARGET cmTryCompileExec3058809048 OF PROJECT CMAKE_TRY_COMPILE WITH CONFIGURATION Debug ===
Check dependencies

CompileC CMAKE_TRY_COMPILE.build/Debug/cmTryCompileExec3058809048.build/Objects-normal/x86_64/CMakeCCompilerABI.o "../../../../../../../../../../Applications/CMake 2.8-11.app/Contents/share/cmake-2.8/Modules/CMakeCCompilerABI.c" normal x86_64 c com.apple.compilers.llvm.clang.1_0.compiler
    cd /Users/antoine/Documents/Code/fluidXtra/src/fluidsynth-1.1.5/build_mac/CMakeFiles/CMakeTmp
    /Applications/Xcode.app/Contents/Developer/Toolchains/XcodeDefault.xctoolchain/usr/bin/clang -x c -arch x86_64 -fmessage-length=0 -Wno-trigraphs -fpascal-strings -O0 -Wno-missing-field-initializers -Wno-missing-prototypes -Wno-return-type -Wformat -Wno-missing-braces -Wparentheses -Wswitch -Wno-unused-function -Wno-unused-label -Wno-unused-parameter -Wno-unused-variable -Wunused-value -Wno-empty-body -Wno-uninitialized -Wno-unknown-pragmas -Wno-shadow -Wno-four-char-constants -Wno-conversion -Wno-constant-conversion -Wno-int-conversion -Wno-enum-conversion -Wno-shorten-64-to-32 -Wpointer-sign -Wno-newline-eof "-DCMAKE_INTDIR=\"Debug\"" -isysroot /Applications/Xcode.app/Contents/Developer/Platforms/MacOSX.platform/Developer/SDKs/MacOSX10.8.sdk -fasm-blocks -fstrict-aliasing -Wdeprecated-declarations -mmacosx-version-min=10.8 -g -Wno-sign-conversion -I/Users/antoine/Documents/Code/fluidXtra/src/fluidsynth-1.1.5/build_mac/CMakeFiles/CMakeTmp/Debug/include -I/Applications/Xcode.app/Contents/Developer/Toolchains/XcodeDefault.xctoolchain/usr/include -I/Applications/Xcode.app/Contents/Developer/Toolchains/XcodeDefault.xctoolchain/usr/include -I/Applications/Xcode.app/Contents/Developer/Toolchains/XcodeDefault.xctoolchain/usr/include -I/Users/antoine/Documents/Code/fluidXtra/src/fluidsynth-1.1.5/build_mac/CMakeFiles/CMakeTmp/CMAKE_TRY_COMPILE.build/Debug/cmTryCompileExec3058809048.build/DerivedSources/x86_64 -I/Users/antoine/Documents/Code/fluidXtra/src/fluidsynth-1.1.5/build_mac/CMakeFiles/CMakeTmp/CMAKE_TRY_COMPILE.build/Debug/cmTryCompileExec3058809048.build/DerivedSources -Wmost -Wno-four-char-constants -Wno-unknown-pragmas -F/Users/antoine/Documents/Code/fluidXtra/src/fluidsynth-1.1.5/build_mac/CMakeFiles/CMakeTmp/Debug -MMD -MT dependencies -MF /Users/antoine/Documents/Code/fluidXtra/src/fluidsynth-1.1.5/build_mac/CMakeFiles/CMakeTmp/CMAKE_TRY_COMPILE.build/Debug/cmTryCompileExec3058809048.build/Objects-normal/x86_64/CMakeCCompilerABI.d --serialize-diagnostics /Users/antoine/Documents/Code/fluidXtra/src/fluidsynth-1.1.5/build_mac/CMakeFiles/CMakeTmp/CMAKE_TRY_COMPILE.build/Debug/cmTryCompileExec3058809048.build/Objects-normal/x86_64/CMakeCCompilerABI.dia -c "/Users/antoine/Documents/Code/fluidXtra/src/fluidsynth-1.1.5/build_mac/CMakeFiles/CMakeTmp/../../../../../../../../../../Applications/CMake 2.8-11.app/Contents/share/cmake-2.8/Modules/CMakeCCompilerABI.c" -o /Users/antoine/Documents/Code/fluidXtra/src/fluidsynth-1.1.5/build_mac/CMakeFiles/CMakeTmp/CMAKE_TRY_COMPILE.build/Debug/cmTryCompileExec3058809048.build/Objects-normal/x86_64/CMakeCCompilerABI.o

Ld Debug/cmTryCompileExec3058809048 normal x86_64
    cd /Users/antoine/Documents/Code/fluidXtra/src/fluidsynth-1.1.5/build_mac/CMakeFiles/CMakeTmp
    /Applications/Xcode.app/Contents/Developer/Toolchains/XcodeDefault.xctoolchain/usr/bin/clang -arch x86_64 -isysroot /Applications/Xcode.app/Contents/Developer/Platforms/MacOSX.platform/Developer/SDKs/MacOSX10.8.sdk -L/Users/antoine/Documents/Code/fluidXtra/src/fluidsynth-1.1.5/build_mac/CMakeFiles/CMakeTmp/Debug -F/Users/antoine/Documents/Code/fluidXtra/src/fluidsynth-1.1.5/build_mac/CMakeFiles/CMakeTmp/Debug -filelist /Users/antoine/Documents/Code/fluidXtra/src/fluidsynth-1.1.5/build_mac/CMakeFiles/CMakeTmp/CMAKE_TRY_COMPILE.build/Debug/cmTryCompileExec3058809048.build/Objects-normal/x86_64/cmTryCompileExec3058809048.LinkFileList -mmacosx-version-min=10.8 -v -Wl,-v -Wl,-search_paths_first -Wl,-headerpad_max_install_names -o /Users/antoine/Documents/Code/fluidXtra/src/fluidsynth-1.1.5/build_mac/CMakeFiles/CMakeTmp/Debug/cmTryCompileExec3058809048
Apple LLVM version 4.2 (clang-425.0.28) (based on LLVM 3.2svn)
Target: x86_64-apple-darwin12.4.0
Thread model: posix
 "/Applications/Xcode.app/Contents/Developer/Toolchains/XcodeDefault.xctoolchain/usr/bin/ld" -demangle -dynamic -arch x86_64 -macosx_version_min 10.8.0 -syslibroot /Applications/Xcode.app/Contents/Developer/Platforms/MacOSX.platform/Developer/SDKs/MacOSX10.8.sdk -o /Users/antoine/Documents/Code/fluidXtra/src/fluidsynth-1.1.5/build_mac/CMakeFiles/CMakeTmp/Debug/cmTryCompileExec3058809048 -L/Users/antoine/Documents/Code/fluidXtra/src/fluidsynth-1.1.5/build_mac/CMakeFiles/CMakeTmp/Debug -filelist /Users/antoine/Documents/Code/fluidXtra/src/fluidsynth-1.1.5/build_mac/CMakeFiles/CMakeTmp/CMAKE_TRY_COMPILE.build/Debug/cmTryCompileExec3058809048.build/Objects-normal/x86_64/cmTryCompileExec3058809048.LinkFileList -v -search_paths_first -headerpad_max_install_names -lSystem /Applications/Xcode.app/Contents/Developer/Toolchains/XcodeDefault.xctoolchain/usr/bin/../lib/clang/4.2/lib/darwin/libclang_rt.osx.a -F/Users/antoine/Documents/Code/fluidXtra/src/fluidsynth-1.1.5/build_mac/CMakeFiles/CMakeTmp/Debug
@(#)PROGRAM:ld  PROJECT:ld64-136
configured to support archs: armv6 armv7 armv7s i386 x86_64
Library search paths:
	/Users/antoine/Documents/Code/fluidXtra/src/fluidsynth-1.1.5/build_mac/CMakeFiles/CMakeTmp/Debug
	/Applications/Xcode.app/Contents/Developer/Platforms/MacOSX.platform/Developer/SDKs/MacOSX10.8.sdk/usr/lib
Framework search paths:
	/Users/antoine/Documents/Code/fluidXtra/src/fluidsynth-1.1.5/build_mac/CMakeFiles/CMakeTmp/Debug
	/Applications/Xcode.app/Contents/Developer/Platforms/MacOSX.platform/Developer/SDKs/MacOSX10.8.sdk/System/Library/Frameworks/

PhaseScriptExecution "CMake PostBuild Rules" CMAKE_TRY_COMPILE.build/Debug/cmTryCompileExec3058809048.build/Script-7BFD8A6F615843948BEECCEE.sh
    cd /Users/antoine/Documents/Code/fluidXtra/src/fluidsynth-1.1.5/build_mac/CMakeFiles/CMakeTmp
    /bin/sh -c /Users/antoine/Documents/Code/fluidXtra/src/fluidsynth-1.1.5/build_mac/CMakeFiles/CMakeTmp/CMAKE_TRY_COMPILE.build/Debug/cmTryCompileExec3058809048.build/Script-7BFD8A6F615843948BEECCEE.sh
echo "Depend check for xcode"
Depend check for xcode
cd /Users/antoine/Documents/Code/fluidXtra/src/fluidsynth-1.1.5/build_mac/CMakeFiles/CMakeTmp && make -C /Users/antoine/Documents/Code/fluidXtra/src/fluidsynth-1.1.5/build_mac/CMakeFiles/CMakeTmp -f /Users/antoine/Documents/Code/fluidXtra/src/fluidsynth-1.1.5/build_mac/CMakeFiles/CMakeTmp/CMakeScripts/XCODE_DEPEND_HELPER.make PostBuild.cmTryCompileExec3058809048.Debug
make[1]: Nothing to be done for `PostBuild.cmTryCompileExec3058809048.Debug'.


** BUILD SUCCEEDED **



Parsed C implicit link information from above output:
  link line regex: [^( *|.*[/\])(ld|ld|collect2)[^/\]*( |$)]
  ignore line: [Change Dir: /Users/antoine/Documents/Code/fluidXtra/src/fluidsynth-1.1.5/build_mac/CMakeFiles/CMakeTmp]
  ignore line: []
  ignore line: [Run Build Command:/Applications/CMake\ 2.8-11.app/Contents/bin/cmakexbuild -project CMAKE_TRY_COMPILE.xcodeproj build -target cmTryCompileExec3058809048 -configuration Debug]
  ignore line: [=== BUILD NATIVE TARGET cmTryCompileExec3058809048 OF PROJECT CMAKE_TRY_COMPILE WITH CONFIGURATION Debug ===]
  ignore line: [Check dependencies]
  ignore line: []
  ignore line: [CompileC CMAKE_TRY_COMPILE.build/Debug/cmTryCompileExec3058809048.build/Objects-normal/x86_64/CMakeCCompilerABI.o "../../../../../../../../../../Applications/CMake 2.8-11.app/Contents/share/cmake-2.8/Modules/CMakeCCompilerABI.c" normal x86_64 c com.apple.compilers.llvm.clang.1_0.compiler]
  ignore line: [    cd /Users/antoine/Documents/Code/fluidXtra/src/fluidsynth-1.1.5/build_mac/CMakeFiles/CMakeTmp]
  ignore line: [    /Applications/Xcode.app/Contents/Developer/Toolchains/XcodeDefault.xctoolchain/usr/bin/clang -x c -arch x86_64 -fmessage-length=0 -Wno-trigraphs -fpascal-strings -O0 -Wno-missing-field-initializers -Wno-missing-prototypes -Wno-return-type -Wformat -Wno-missing-braces -Wparentheses -Wswitch -Wno-unused-function -Wno-unused-label -Wno-unused-parameter -Wno-unused-variable -Wunused-value -Wno-empty-body -Wno-uninitialized -Wno-unknown-pragmas -Wno-shadow -Wno-four-char-constants -Wno-conversion -Wno-constant-conversion -Wno-int-conversion -Wno-enum-conversion -Wno-shorten-64-to-32 -Wpointer-sign -Wno-newline-eof "-DCMAKE_INTDIR=\"Debug\"" -isysroot /Applications/Xcode.app/Contents/Developer/Platforms/MacOSX.platform/Developer/SDKs/MacOSX10.8.sdk -fasm-blocks -fstrict-aliasing -Wdeprecated-declarations -mmacosx-version-min=10.8 -g -Wno-sign-conversion -I/Users/antoine/Documents/Code/fluidXtra/src/fluidsynth-1.1.5/build_mac/CMakeFiles/CMakeTmp/Debug/include -I/Applications/Xcode.app/Contents/Developer/Toolchains/XcodeDefault.xctoolchain/usr/include -I/Applications/Xcode.app/Contents/Developer/Toolchains/XcodeDefault.xctoolchain/usr/include -I/Applications/Xcode.app/Contents/Developer/Toolchains/XcodeDefault.xctoolchain/usr/include -I/Users/antoine/Documents/Code/fluidXtra/src/fluidsynth-1.1.5/build_mac/CMakeFiles/CMakeTmp/CMAKE_TRY_COMPILE.build/Debug/cmTryCompileExec3058809048.build/DerivedSources/x86_64 -I/Users/antoine/Documents/Code/fluidXtra/src/fluidsynth-1.1.5/build_mac/CMakeFiles/CMakeTmp/CMAKE_TRY_COMPILE.build/Debug/cmTryCompileExec3058809048.build/DerivedSources -Wmost -Wno-four-char-constants -Wno-unknown-pragmas -F/Users/antoine/Documents/Code/fluidXtra/src/fluidsynth-1.1.5/build_mac/CMakeFiles/CMakeTmp/Debug -MMD -MT dependencies -MF /Users/antoine/Documents/Code/fluidXtra/src/fluidsynth-1.1.5/build_mac/CMakeFiles/CMakeTmp/CMAKE_TRY_COMPILE.build/Debug/cmTryCompileExec3058809048.build/Objects-normal/x86_64/CMakeCCompilerABI.d --serialize-diagnostics /Users/antoine/Documents/Code/fluidXtra/src/fluidsynth-1.1.5/build_mac/CMakeFiles/CMakeTmp/CMAKE_TRY_COMPILE.build/Debug/cmTryCompileExec3058809048.build/Objects-normal/x86_64/CMakeCCompilerABI.dia -c "/Users/antoine/Documents/Code/fluidXtra/src/fluidsynth-1.1.5/build_mac/CMakeFiles/CMakeTmp/../../../../../../../../../../Applications/CMake 2.8-11.app/Contents/share/cmake-2.8/Modules/CMakeCCompilerABI.c" -o /Users/antoine/Documents/Code/fluidXtra/src/fluidsynth-1.1.5/build_mac/CMakeFiles/CMakeTmp/CMAKE_TRY_COMPILE.build/Debug/cmTryCompileExec3058809048.build/Objects-normal/x86_64/CMakeCCompilerABI.o]
  ignore line: []
  ignore line: [Ld Debug/cmTryCompileExec3058809048 normal x86_64]
  ignore line: [    cd /Users/antoine/Documents/Code/fluidXtra/src/fluidsynth-1.1.5/build_mac/CMakeFiles/CMakeTmp]
  ignore line: [    /Applications/Xcode.app/Contents/Developer/Toolchains/XcodeDefault.xctoolchain/usr/bin/clang -arch x86_64 -isysroot /Applications/Xcode.app/Contents/Developer/Platforms/MacOSX.platform/Developer/SDKs/MacOSX10.8.sdk -L/Users/antoine/Documents/Code/fluidXtra/src/fluidsynth-1.1.5/build_mac/CMakeFiles/CMakeTmp/Debug -F/Users/antoine/Documents/Code/fluidXtra/src/fluidsynth-1.1.5/build_mac/CMakeFiles/CMakeTmp/Debug -filelist /Users/antoine/Documents/Code/fluidXtra/src/fluidsynth-1.1.5/build_mac/CMakeFiles/CMakeTmp/CMAKE_TRY_COMPILE.build/Debug/cmTryCompileExec3058809048.build/Objects-normal/x86_64/cmTryCompileExec3058809048.LinkFileList -mmacosx-version-min=10.8 -v -Wl,-v -Wl,-search_paths_first -Wl,-headerpad_max_install_names -o /Users/antoine/Documents/Code/fluidXtra/src/fluidsynth-1.1.5/build_mac/CMakeFiles/CMakeTmp/Debug/cmTryCompileExec3058809048]
  ignore line: [Apple LLVM version 4.2 (clang-425.0.28) (based on LLVM 3.2svn)]
  ignore line: [Target: x86_64-apple-darwin12.4.0]
  ignore line: [Thread model: posix]
  reduced line: [ "/Applications/Xcode.app/Contents/Developer/Toolchains/XcodeDefault.xctoolchain/usr/bin/ld" -demangle -dynamic -arch x86_64 -macosx_version_min 10.8.0 -syslibroot /Applications/Xcode.app/Contents/Developer/Platforms/MacOSX.platform/Developer/SDKs/MacOSX10.8.sdk -o /Users/antoine/Documents/Code/fluidXtra/src/fluidsynth-1.1.5/build_mac/CMakeFiles/CMakeTmp/Debug/cmTryCompileExec3058809048 -L/Users/antoine/Documents/Code/fluidXtra/src/fluidsynth-1.1.5/build_mac/CMakeFiles/CMakeTmp/Debug -filelist /Users/antoine/Documents/Code/fluidXtra/src/fluidsynth-1.1.5/build_mac/CMakeFiles/CMakeTmp/CMAKE_TRY_COMPILE.build/Debug/cmTryCompileExec3058809048.build/Objects-normal/x86_64/cmTryCompileExec3058809048.LinkFileList -v -search_paths_first -headerpad_max_install_names -lSystem /Applications/Xcode.app/Contents/Developer/Toolchains/XcodeDefault.xctoolchain/usr/bin/../lib/clang/4.2/lib/darwin/libclang_rt.osx.a -F/Users/antoine/Documents/Code/fluidXtra/src/fluidsynth-1.1.5/build_mac/CMakeFiles/CMakeTmp/Debug]
            to: [ "/Applications/Xcode.app/Contents/Developer/Toolchains/XcodeDefault.xctoolchain/usr/bin/ld" -demangle -dynamic -arch x86_64 -macosx_version_min 10.8.0 -syslibroot /Applications/Xcode.app/Contents/Developer/Platforms/MacOSX.platform/Developer/SDKs/MacOSX10.8.sdk -o /Users/antoine/Documents/Code/fluidXtra/src/fluidsynth-1.1.5/build_mac/CMakeFiles/CMakeTmp/Debug/cmTryCompileExec3058809048 -filelist /Users/antoine/Documents/Code/fluidXtra/src/fluidsynth-1.1.5/build_mac/CMakeFiles/CMakeTmp/CMAKE_TRY_COMPILE.build/Debug/cmTryCompileExec3058809048.build/Objects-normal/x86_64/cmTryCompileExec3058809048.LinkFileList -v -search_paths_first -headerpad_max_install_names -lSystem /Applications/Xcode.app/Contents/Developer/Toolchains/XcodeDefault.xctoolchain/usr/bin/../lib/clang/4.2/lib/darwin/libclang_rt.osx.a ]
  link line: [ "/Applications/Xcode.app/Contents/Developer/Toolchains/XcodeDefault.xctoolchain/usr/bin/ld" -demangle -dynamic -arch x86_64 -macosx_version_min 10.8.0 -syslibroot /Applications/Xcode.app/Contents/Developer/Platforms/MacOSX.platform/Developer/SDKs/MacOSX10.8.sdk -o /Users/antoine/Documents/Code/fluidXtra/src/fluidsynth-1.1.5/build_mac/CMakeFiles/CMakeTmp/Debug/cmTryCompileExec3058809048 -filelist /Users/antoine/Documents/Code/fluidXtra/src/fluidsynth-1.1.5/build_mac/CMakeFiles/CMakeTmp/CMAKE_TRY_COMPILE.build/Debug/cmTryCompileExec3058809048.build/Objects-normal/x86_64/cmTryCompileExec3058809048.LinkFileList -v -search_paths_first -headerpad_max_install_names -lSystem /Applications/Xcode.app/Contents/Developer/Toolchains/XcodeDefault.xctoolchain/usr/bin/../lib/clang/4.2/lib/darwin/libclang_rt.osx.a ]
    arg [/Applications/Xcode.app/Contents/Developer/Toolchains/XcodeDefault.xctoolchain/usr/bin/ld] ==> ignore
    arg [-demangle] ==> ignore
    arg [-dynamic] ==> ignore
    arg [-arch] ==> ignore
    arg [x86_64] ==> ignore
    arg [-macosx_version_min] ==> ignore
    arg [10.8.0] ==> ignore
    arg [-syslibroot] ==> ignore
    arg [/Applications/Xcode.app/Contents/Developer/Platforms/MacOSX.platform/Developer/SDKs/MacOSX10.8.sdk] ==> ignore
    arg [-o] ==> ignore
    arg [/Users/antoine/Documents/Code/fluidXtra/src/fluidsynth-1.1.5/build_mac/CMakeFiles/CMakeTmp/Debug/cmTryCompileExec3058809048] ==> ignore
    arg [-filelist] ==> ignore
    arg [/Users/antoine/Documents/Code/fluidXtra/src/fluidsynth-1.1.5/build_mac/CMakeFiles/CMakeTmp/CMAKE_TRY_COMPILE.build/Debug/cmTryCompileExec3058809048.build/Objects-normal/x86_64/cmTryCompileExec3058809048.LinkFileList] ==> ignore
    arg [-v] ==> ignore
    arg [-search_paths_first] ==> ignore
    arg [-headerpad_max_install_names] ==> ignore
    arg [-lSystem] ==> lib [System]
    arg [/Applications/Xcode.app/Contents/Developer/Toolchains/XcodeDefault.xctoolchain/usr/bin/../lib/clang/4.2/lib/darwin/libclang_rt.osx.a] ==> lib [/Applications/Xcode.app/Contents/Developer/Toolchains/XcodeDefault.xctoolchain/usr/bin/../lib/clang/4.2/lib/darwin/libclang_rt.osx.a]
  Library search paths: [;/Users/antoine/Documents/Code/fluidXtra/src/fluidsynth-1.1.5/build_mac/CMakeFiles/CMakeTmp/Debug;/Applications/Xcode.app/Contents/Developer/Platforms/MacOSX.platform/Developer/SDKs/MacOSX10.8.sdk/usr/lib]
  Framework search paths: [;/Users/antoine/Documents/Code/fluidXtra/src/fluidsynth-1.1.5/build_mac/CMakeFiles/CMakeTmp/Debug;/Applications/Xcode.app/Contents/Developer/Platforms/MacOSX.platform/Developer/SDKs/MacOSX10.8.sdk/System/Library/Frameworks/]
  remove lib [System]
  collapse lib [/Applications/Xcode.app/Contents/Developer/Toolchains/XcodeDefault.xctoolchain/usr/bin/../lib/clang/4.2/lib/darwin/libclang_rt.osx.a] ==> [/Applications/Xcode.app/Contents/Developer/Toolchains/XcodeDefault.xctoolchain/usr/lib/clang/4.2/lib/darwin/libclang_rt.osx.a]
  collapse library dir [/Users/antoine/Documents/Code/fluidXtra/src/fluidsynth-1.1.5/build_mac/CMakeFiles/CMakeTmp/Debug] ==> [/Users/antoine/Documents/Code/fluidXtra/src/fluidsynth-1.1.5/build_mac/CMakeFiles/CMakeTmp/Debug], skipping non-system directory
  collapse library dir [/Applications/Xcode.app/Contents/Developer/Platforms/MacOSX.platform/Developer/SDKs/MacOSX10.8.sdk/usr/lib] ==> [/Applications/Xcode.app/Contents/Developer/Platforms/MacOSX.platform/Developer/SDKs/MacOSX10.8.sdk/usr/lib]
  collapse framework dir [/Users/antoine/Documents/Code/fluidXtra/src/fluidsynth-1.1.5/build_mac/CMakeFiles/CMakeTmp/Debug] ==> [/Users/antoine/Documents/Code/fluidXtra/src/fluidsynth-1.1.5/build_mac/CMakeFiles/CMakeTmp/Debug], skipping non-system directory
  collapse framework dir [/Applications/Xcode.app/Contents/Developer/Platforms/MacOSX.platform/Developer/SDKs/MacOSX10.8.sdk/System/Library/Frameworks/] ==> [/Applications/Xcode.app/Contents/Developer/Platforms/MacOSX.platform/Developer/SDKs/MacOSX10.8.sdk/System/Library/Frameworks]
  implicit libs: [/Applications/Xcode.app/Contents/Developer/Toolchains/XcodeDefault.xctoolchain/usr/lib/clang/4.2/lib/darwin/libclang_rt.osx.a]
  implicit dirs: [/Applications/Xcode.app/Contents/Developer/Platforms/MacOSX.platform/Developer/SDKs/MacOSX10.8.sdk/usr/lib]
  implicit fwks: [/Applications/Xcode.app/Contents/Developer/Platforms/MacOSX.platform/Developer/SDKs/MacOSX10.8.sdk/System/Library/Frameworks]


